<?xml version="1.0" encoding="UTF-8"?>
<!-- Generated by org.testng.reporters.JUnitXMLReporter -->
<testsuite ignored="0" hostname="LAPTOP-LHICEINU" failures="0" tests="6" name="Test" time="0.063" errors="0" timestamp="2020-03-31T18:29:42 HKT">
  <testcase classname="qaclickacademy.AppiumTest" name="IOSApp" time="0.005"/>
  <testcase classname="qaclickacademy.AppiumTest" name="NativeAppAndroid" time="0.0"/>
  <testcase classname="qaclickacademy.SeleniumTest" name="BrowserAutomation" time="0.0"/>
  <testcase classname="qaclickacademy.SeleniumTest" name="elementsUI" time="0.0"/>
  <testcase classname="qaclickacademy.RESTAPITest" name="deleteTwitter" time="0.0"/>
  <testcase classname="qaclickacademy.RESTAPITest" name="postJira" time="0.0"/>
</testsuite> <!-- Test -->
