<?xml version="1.0" encoding="UTF-8"?>
<testng-results ignored="0" total="6" passed="6" failed="0" skipped="0">
  <reporter-output>
  </reporter-output>
  <suite started-at="2020-03-31T18:29:42 HKT" name="Suite" finished-at="2020-03-31T18:29:42 HKT" duration-ms="63">
    <groups>
    </groups>
    <test started-at="2020-03-31T18:29:42 HKT" name="Test" finished-at="2020-03-31T18:29:42 HKT" duration-ms="63">
      <class name="qaclickacademy.AppiumTest">
        <test-method signature="IOSApp()[pri:0, instance:qaclickacademy.AppiumTest@5762806e]" started-at="2020-03-31T18:29:42 HKT" name="IOSApp" finished-at="2020-03-31T18:29:42 HKT" duration-ms="5" status="PASS">
          <reporter-output>
          </reporter-output>
        </test-method> <!-- IOSApp -->
        <test-method signature="NativeAppAndroid()[pri:0, instance:qaclickacademy.AppiumTest@5762806e]" started-at="2020-03-31T18:29:42 HKT" name="NativeAppAndroid" finished-at="2020-03-31T18:29:42 HKT" duration-ms="0" status="PASS">
          <reporter-output>
          </reporter-output>
        </test-method> <!-- NativeAppAndroid -->
      </class> <!-- qaclickacademy.AppiumTest -->
      <class name="qaclickacademy.RESTAPITest">
        <test-method signature="deleteTwitter()[pri:0, instance:qaclickacademy.RESTAPITest@5af97850]" started-at="2020-03-31T18:29:42 HKT" name="deleteTwitter" finished-at="2020-03-31T18:29:42 HKT" duration-ms="0" status="PASS">
          <reporter-output>
          </reporter-output>
        </test-method> <!-- deleteTwitter -->
        <test-method signature="postJira()[pri:0, instance:qaclickacademy.RESTAPITest@5af97850]" started-at="2020-03-31T18:29:42 HKT" name="postJira" finished-at="2020-03-31T18:29:42 HKT" duration-ms="0" status="PASS">
          <reporter-output>
          </reporter-output>
        </test-method> <!-- postJira -->
      </class> <!-- qaclickacademy.RESTAPITest -->
      <class name="qaclickacademy.SeleniumTest">
        <test-method signature="BrowserAutomation()[pri:0, instance:qaclickacademy.SeleniumTest@17c386de]" started-at="2020-03-31T18:29:42 HKT" name="BrowserAutomation" finished-at="2020-03-31T18:29:42 HKT" duration-ms="0" status="PASS">
          <reporter-output>
          </reporter-output>
        </test-method> <!-- BrowserAutomation -->
        <test-method signature="elementsUI()[pri:0, instance:qaclickacademy.SeleniumTest@17c386de]" started-at="2020-03-31T18:29:42 HKT" name="elementsUI" finished-at="2020-03-31T18:29:42 HKT" duration-ms="0" status="PASS">
          <reporter-output>
          </reporter-output>
        </test-method> <!-- elementsUI -->
      </class> <!-- qaclickacademy.SeleniumTest -->
    </test> <!-- Test -->
  </suite> <!-- Suite -->
</testng-results>
